################################################################################################
DateTime : 04/07/2020 19:59:19 UTC+00:00
File : C:\wamp64\www\blog\Framework\DAL\Database.php
Line : 28
Message : could not find driver
Pile d'appel : #0 C:\wamp64\www\blog\Framework\DAL\Database.php(28): PDO->__construct(':host=; dbname=', '', '')
#1 C:\wamp64\www\blog\Framework\DAL\Database.php(13): Framework\DAL\Database::GetPDO()
#2 C:\wamp64\www\blog\BLL\Admin\User\UserBLL.php(16): Framework\DAL\Database->__construct()
#3 C:\wamp64\www\blog\Controller\Admin\User\UserController.php(56): BLL\Admin\User\UserBLL->IsLoginExists('jkjkl')
#4 [internal function]: Controller\Admin\User\UserController->Login(Array)
#5 C:\wamp64\www\blog\Framework\Controller\FrontController.php(40): call_user_func_array(Array, Array)
#6 C:\wamp64\www\blog\Framework\App.php(19): Framework\Controller\FrontController->Run()
#7 C:\wamp64\www\blog\index.php(13): Framework\App->Run()
#8 {main}
################################################################################################
################################################################################################
DateTime : 04/07/2020 20:16:38 UTC+00:00
File : C:\wamp64\www\blog\Framework\DAL\Database.php
Line : 48
Message : The auto-commit mode cannot be changed for this driver
Pile d'appel : #0 C:\wamp64\www\blog\Framework\DAL\Database.php(48): PDO->setAttribute(0, 0)
#1 C:\wamp64\www\blog\Framework\DAL\Database.php(17): Framework\DAL\Database::SetAutoCommit(Object(PDO))
#2 C:\wamp64\www\blog\BLL\Admin\User\UserBLL.php(16): Framework\DAL\Database->__construct()
#3 C:\wamp64\www\blog\Controller\Admin\User\UserController.php(56): BLL\Admin\User\UserBLL->IsLoginExists('hjk')
#4 [internal function]: Controller\Admin\User\UserController->Login(Array)
#5 C:\wamp64\www\blog\Framework\Controller\FrontController.php(40): call_user_func_array(Array, Array)
#6 C:\wamp64\www\blog\Framework\App.php(19): Framework\Controller\FrontController->Run()
#7 C:\wamp64\www\blog\index.php(13): Framework\App->Run()
#8 {main}
################################################################################################
################################################################################################
DateTime : 04/07/2020 20:18:35 UTC+00:00
File : C:\wamp64\www\blog\Framework\DAL\Database.php
Line : 48
Message : The auto-commit mode cannot be changed for this driver
Pile d'appel : #0 C:\wamp64\www\blog\Framework\DAL\Database.php(48): PDO->setAttribute(0, 0)
#1 C:\wamp64\www\blog\Framework\DAL\Database.php(17): Framework\DAL\Database::SetAutoCommit(Object(PDO))
#2 C:\wamp64\www\blog\BLL\Admin\User\UserBLL.php(16): Framework\DAL\Database->__construct()
#3 C:\wamp64\www\blog\Controller\Admin\User\UserController.php(56): BLL\Admin\User\UserBLL->IsLoginExists('hjk')
#4 [internal function]: Controller\Admin\User\UserController->Login(Array)
#5 C:\wamp64\www\blog\Framework\Controller\FrontController.php(40): call_user_func_array(Array, Array)
#6 C:\wamp64\www\blog\Framework\App.php(19): Framework\Controller\FrontController->Run()
#7 C:\wamp64\www\blog\index.php(13): Framework\App->Run()
#8 {main}
################################################################################################
################################################################################################
DateTime : 04/07/2020 20:25:06 UTC+00:00
File : C:\wamp64\www\blog\Framework\DAL\Database.php
Line : 57
Message : SQLSTATE[42703]: Undefined column: 7 ERROR:  column u.login does not exist
LINE 1: SELECT 1 FROM User AS U WHERE U.Login = $1;
                                      ^
Pile d'appel : #0 C:\wamp64\www\blog\Framework\DAL\Database.php(57): PDOStatement->execute(Array)
#1 C:\wamp64\www\blog\Framework\DAL\Database.php(71): Framework\DAL\Database->Execute('SELECT 1 FROM U...', Array)
#2 C:\wamp64\www\blog\DAL\Admin\User\UserDAL.php(31): Framework\DAL\Database->Read('SELECT 1 FROM U...', Array)
#3 C:\wamp64\www\blog\BLL\Admin\User\UserBLL.php(20): DAL\Admin\User\UserDAL->IsLoginExists('hjk')
#4 C:\wamp64\www\blog\Controller\Admin\User\UserController.php(56): BLL\Admin\User\UserBLL->IsLoginExists('hjk')
#5 [internal function]: Controller\Admin\User\UserController->Login(Array)
#6 C:\wamp64\www\blog\Framework\Controller\FrontController.php(40): call_user_func_array(Array, Array)
#7 C:\wamp64\www\blog\Framework\App.php(19): Framework\Controller\FrontController->Run()
#8 C:\wamp64\www\blog\index.php(13): Framework\App->Run()
#9 {main}
################################################################################################
